<?xml version="1.0" encoding="UTF-8"?>
<testng-results ignored="1" total="2" passed="0" failed="1" skipped="0">
  <reporter-output>
  </reporter-output>
  <suite started-at="2024-11-07T11:10:32 IST" name="Failed suite [Suite]" finished-at="2024-11-07T11:10:40 IST" duration-ms="7667">
    <groups>
    </groups>
    <test started-at="2024-11-07T11:10:32 IST" name="Test(failed)" finished-at="2024-11-07T11:10:40 IST" duration-ms="7667">
      <class name="TestScripts.SearchTest">
        <test-method is-config="true" signature="beforeSuite()[pri:0, instance:TestScripts.SearchTest@6404f418]" started-at="2024-11-07T11:10:32 IST" name="beforeSuite" finished-at="2024-11-07T11:10:32 IST" duration-ms="15" status="PASS">
          <reporter-output>
          </reporter-output>
        </test-method> <!-- beforeSuite -->
        <test-method is-config="true" signature="start()[pri:0, instance:TestScripts.SearchTest@6404f418]" started-at="2024-11-07T11:10:32 IST" name="start" finished-at="2024-11-07T11:10:37 IST" duration-ms="4330" status="PASS">
          <reporter-output>
          </reporter-output>
        </test-method> <!-- start -->
        <test-method is-config="true" signature="beforeclass()[pri:0, instance:TestScripts.SearchTest@6404f418]" started-at="2024-11-07T11:10:37 IST" name="beforeclass" finished-at="2024-11-07T11:10:37 IST" duration-ms="0" status="PASS">
          <reporter-output>
          </reporter-output>
        </test-method> <!-- beforeclass -->
        <test-method is-config="true" signature="beforeMethod()[pri:0, instance:TestScripts.SearchTest@6404f418]" started-at="2024-11-07T11:10:37 IST" name="beforeMethod" finished-at="2024-11-07T11:10:37 IST" duration-ms="1" status="PASS">
          <reporter-output>
          </reporter-output>
        </test-method> <!-- beforeMethod -->
        <test-method signature="javaGoogleSearch()[pri:0, instance:TestScripts.SearchTest@6404f418]" started-at="2024-11-07T11:10:37 IST" name="javaGoogleSearch" finished-at="2024-11-07T11:10:40 IST" duration-ms="2997" status="FAIL">
          <exception class="java.lang.AssertionError">
            <message>
              <![CDATA[expected [java tutorials - Google Search] but found [java tutorial - Google Search]]]>
            </message>
            <full-stacktrace>
              <![CDATA[java.lang.AssertionError: expected [java tutorials - Google Search] but found [java tutorial - Google Search]
at org.testng.Assert.fail(Assert.java:99)
at org.testng.Assert.failNotEquals(Assert.java:1037)
at org.testng.Assert.assertEqualsImpl(Assert.java:140)
at org.testng.Assert.assertEquals(Assert.java:122)
at org.testng.Assert.assertEquals(Assert.java:629)
at org.testng.Assert.assertEquals(Assert.java:639)
at TestScripts.SearchTest.javaGoogleSearch(SearchTest.java:35)
at java.base/jdk.internal.reflect.NativeMethodAccessorImpl.invoke0(Native Method)
at java.base/jdk.internal.reflect.NativeMethodAccessorImpl.invoke(NativeMethodAccessorImpl.java:77)
at java.base/jdk.internal.reflect.DelegatingMethodAccessorImpl.invoke(DelegatingMethodAccessorImpl.java:43)
at java.base/java.lang.reflect.Method.invoke(Method.java:568)
at org.testng.internal.MethodInvocationHelper.invokeMethod(MethodInvocationHelper.java:133)
at org.testng.internal.TestInvoker.invokeMethod(TestInvoker.java:598)
at org.testng.internal.TestInvoker.invokeTestMethod(TestInvoker.java:173)
at org.testng.internal.MethodRunner.runInSequence(MethodRunner.java:46)
at org.testng.internal.TestInvoker$MethodInvocationAgent.invoke(TestInvoker.java:824)
at org.testng.internal.TestInvoker.invokeTestMethods(TestInvoker.java:146)
at org.testng.internal.TestMethodWorker.invokeTestMethods(TestMethodWorker.java:146)
at org.testng.internal.TestMethodWorker.run(TestMethodWorker.java:128)
at java.base/java.util.ArrayList.forEach(ArrayList.java:1511)
at org.testng.TestRunner.privateRun(TestRunner.java:794)
at org.testng.TestRunner.run(TestRunner.java:596)
at org.testng.SuiteRunner.runTest(SuiteRunner.java:377)
at org.testng.SuiteRunner.runSequentially(SuiteRunner.java:371)
at org.testng.SuiteRunner.privateRun(SuiteRunner.java:332)
at org.testng.SuiteRunner.run(SuiteRunner.java:276)
at org.testng.SuiteRunnerWorker.runSuite(SuiteRunnerWorker.java:53)
at org.testng.SuiteRunnerWorker.run(SuiteRunnerWorker.java:96)
at org.testng.TestNG.runSuitesSequentially(TestNG.java:1212)
at org.testng.TestNG.runSuitesLocally(TestNG.java:1134)
at org.testng.TestNG.runSuites(TestNG.java:1063)
at org.testng.TestNG.run(TestNG.java:1031)
at org.testng.remote.AbstractRemoteTestNG.run(AbstractRemoteTestNG.java:115)
at org.testng.remote.RemoteTestNG.initAndRun(RemoteTestNG.java:293)
at org.testng.remote.RemoteTestNG.main(RemoteTestNG.java:91)
]]>
            </full-stacktrace>
          </exception> <!-- java.lang.AssertionError -->
          <reporter-output>
          </reporter-output>
        </test-method> <!-- javaGoogleSearch -->
        <test-method is-config="true" signature="afterMethod()[pri:0, instance:TestScripts.SearchTest@6404f418]" started-at="2024-11-07T11:10:40 IST" name="afterMethod" finished-at="2024-11-07T11:10:40 IST" duration-ms="2" status="PASS">
          <reporter-output>
          </reporter-output>
        </test-method> <!-- afterMethod -->
        <test-method is-config="true" signature="afterclass()[pri:0, instance:TestScripts.SearchTest@6404f418]" started-at="2024-11-07T11:10:40 IST" name="afterclass" finished-at="2024-11-07T11:10:40 IST" duration-ms="0" status="PASS">
          <reporter-output>
          </reporter-output>
        </test-method> <!-- afterclass -->
        <test-method is-config="true" signature="end()[pri:0, instance:TestScripts.SearchTest@6404f418]" started-at="2024-11-07T11:10:40 IST" name="end" finished-at="2024-11-07T11:10:40 IST" duration-ms="274" status="PASS">
          <reporter-output>
          </reporter-output>
        </test-method> <!-- end -->
        <test-method is-config="true" signature="afterSuite()[pri:0, instance:TestScripts.SearchTest@6404f418]" started-at="2024-11-07T11:10:40 IST" name="afterSuite" finished-at="2024-11-07T11:10:40 IST" duration-ms="1" status="PASS">
          <reporter-output>
          </reporter-output>
        </test-method> <!-- afterSuite -->
      </class> <!-- TestScripts.SearchTest -->
    </test> <!-- Test(failed) -->
  </suite> <!-- Failed suite [Suite] -->
</testng-results>
